status file for recon-all
Thu Jul  6 19:07:07 EDT 2017
#@# MotionCor Thu Jul  6 19:07:16 EDT 2017
#@# Deface Thu Jul  6 19:07:26 EDT 2017
#@# Talairach Thu Jul  6 19:09:24 EDT 2017
#@# Talairach Failure Detection Thu Jul  6 19:11:03 EDT 2017
#@# Nu Intensity Correction Thu Jul  6 19:11:03 EDT 2017
#@# Intensity Normalization Thu Jul  6 19:12:36 EDT 2017
#@# Skull Stripping Thu Jul  6 19:14:47 EDT 2017
#@# EM Registration Thu Jul  6 19:26:40 EDT 2017
#@# CA Normalize Thu Jul  6 19:35:52 EDT 2017
#@# CA Reg Thu Jul  6 19:38:41 EDT 2017
#@# SubCort Seg Thu Jul  6 22:38:45 EDT 2017
#@# Merge ASeg Thu Jul  6 23:45:35 EDT 2017
#@# Intensity Normalization2 Thu Jul  6 23:45:35 EDT 2017
#@# Mask BFS Thu Jul  6 23:48:49 EDT 2017
#@# WM Segmentation Thu Jul  6 23:48:51 EDT 2017
#@# Fill Thu Jul  6 23:51:13 EDT 2017
#@# Tessellate lh Thu Jul  6 23:51:58 EDT 2017
#@# Tessellate rh Thu Jul  6 23:52:03 EDT 2017
#@# Smooth1 lh Thu Jul  6 23:52:08 EDT 2017
#@# Smooth1 rh Thu Jul  6 23:52:09 EDT 2017
Darwin trash-can.local 15.6.0 Darwin Kernel Version 15.6.0: Thu Jun 23 18:25:34 PDT 2016; root:xnu-3248.60.10~1/RELEASE_X86_64 x86_64 i386 MacPro6,1 Darwin

recon-all -s sub-04 exited with ERRORS at Thu Jul  6 23:52:09 EDT 2017

\n\n
New invocation of recon-all 
\n\n
status file for recon-all
Fri Jul  7 09:47:16 EDT 2017
#@# Smooth1 lh Fri Jul  7 09:47:16 EDT 2017
recon-all -s sub-04 finished without error at Fri Jul  7 09:47:26 EDT 2017
\n\n
New invocation of recon-all 
\n\n
status file for recon-all
Fri Jul  7 09:47:26 EDT 2017
#@# Smooth1 rh Fri Jul  7 09:47:26 EDT 2017
recon-all -s sub-04 finished without error at Fri Jul  7 09:47:36 EDT 2017
\n\n
New invocation of recon-all 
\n\n
status file for recon-all
Fri Jul  7 09:47:36 EDT 2017
#@# Inflation1 lh Fri Jul  7 09:47:36 EDT 2017
recon-all -s sub-04 finished without error at Fri Jul  7 09:47:57 EDT 2017
\n\n
New invocation of recon-all 
\n\n
status file for recon-all
Fri Jul  7 09:47:58 EDT 2017
#@# Inflation1 rh Fri Jul  7 09:47:58 EDT 2017
recon-all -s sub-04 finished without error at Fri Jul  7 09:48:22 EDT 2017
\n\n
New invocation of recon-all 
\n\n
status file for recon-all
Fri Jul  7 09:48:22 EDT 2017
#@# QSphere lh Fri Jul  7 09:48:22 EDT 2017
recon-all -s sub-04 finished without error at Fri Jul  7 09:51:14 EDT 2017
\n\n
New invocation of recon-all 
\n\n
status file for recon-all
Fri Jul  7 09:51:14 EDT 2017
#@# QSphere rh Fri Jul  7 09:51:14 EDT 2017
recon-all -s sub-04 finished without error at Fri Jul  7 09:54:43 EDT 2017
\n\n
New invocation of recon-all 
\n\n
status file for recon-all
Fri Jul  7 09:54:44 EDT 2017
#@# Fix Topology Copy lh Fri Jul  7 09:54:44 EDT 2017
#@# Fix Topology lh Fri Jul  7 09:54:44 EDT 2017
recon-all -s sub-04 finished without error at Fri Jul  7 10:38:45 EDT 2017
\n\n
New invocation of recon-all 
\n\n
status file for recon-all
Fri Jul  7 10:38:45 EDT 2017
#@# Fix Topology Copy rh Fri Jul  7 10:38:45 EDT 2017
#@# Fix Topology rh Fri Jul  7 10:38:45 EDT 2017
recon-all -s sub-04 finished without error at Fri Jul  7 11:20:15 EDT 2017
\n\n
New invocation of recon-all 
\n\n
status file for recon-all
Fri Jul  7 11:20:15 EDT 2017
#@# Make White Surf lh Fri Jul  7 11:20:15 EDT 2017
recon-all -s sub-04 finished without error at Fri Jul  7 11:42:26 EDT 2017
\n\n
New invocation of recon-all 
\n\n
status file for recon-all
Fri Jul  7 11:42:26 EDT 2017
#@# Make White Surf rh Fri Jul  7 11:42:26 EDT 2017
recon-all -s sub-04 finished without error at Fri Jul  7 12:05:42 EDT 2017
\n\n
New invocation of recon-all 
\n\n
status file for recon-all
Fri Jul  7 12:05:42 EDT 2017
#@# Smooth2 lh Fri Jul  7 12:05:42 EDT 2017
recon-all -s sub-04 finished without error at Fri Jul  7 12:05:55 EDT 2017
\n\n
New invocation of recon-all 
\n\n
status file for recon-all
Fri Jul  7 12:05:55 EDT 2017
#@# Inflation2 lh Fri Jul  7 12:05:55 EDT 2017
recon-all -s sub-04 finished without error at Fri Jul  7 12:06:25 EDT 2017
\n\n
New invocation of recon-all 
\n\n
status file for recon-all
Fri Jul  7 12:06:25 EDT 2017
#@# Sphere lh Fri Jul  7 12:06:25 EDT 2017
recon-all -s sub-04 finished without error at Fri Jul  7 12:36:43 EDT 2017
\n\n
New invocation of recon-all 
\n\n
status file for recon-all
Fri Jul  7 12:36:43 EDT 2017
#@# Surf Reg lh Fri Jul  7 12:36:43 EDT 2017
recon-all -s sub-04 finished without error at Fri Jul  7 13:19:26 EDT 2017
\n\n
New invocation of recon-all 
\n\n
status file for recon-all
Fri Jul  7 13:19:26 EDT 2017
#@# Cortical Parc lh Fri Jul  7 13:19:26 EDT 2017
recon-all -s sub-04 finished without error at Fri Jul  7 13:19:47 EDT 2017
\n\n
New invocation of recon-all 
\n\n
status file for recon-all
Fri Jul  7 13:19:47 EDT 2017
#@# Make Pial Surf lh Fri Jul  7 13:19:47 EDT 2017
#@# Surf Volume lh Fri Jul  7 13:50:19 EDT 2017
recon-all -s sub-04 finished without error at Fri Jul  7 13:50:25 EDT 2017
\n\n
New invocation of recon-all 
\n\n
status file for recon-all
Fri Jul  7 13:50:26 EDT 2017
#@# Surf Volume lh Fri Jul  7 13:50:26 EDT 2017
recon-all -s sub-04 finished without error at Fri Jul  7 13:50:32 EDT 2017
\n\n
New invocation of recon-all 
\n\n
status file for recon-all
Fri Jul  7 13:50:32 EDT 2017
#@# Smooth2 rh Fri Jul  7 13:50:32 EDT 2017
recon-all -s sub-04 finished without error at Fri Jul  7 13:50:45 EDT 2017
\n\n
New invocation of recon-all 
\n\n
status file for recon-all
Fri Jul  7 13:50:46 EDT 2017
#@# Inflation2 rh Fri Jul  7 13:50:46 EDT 2017
recon-all -s sub-04 finished without error at Fri Jul  7 13:51:16 EDT 2017
\n\n
New invocation of recon-all 
\n\n
status file for recon-all
Fri Jul  7 13:51:16 EDT 2017
#@# Sphere rh Fri Jul  7 13:51:16 EDT 2017
recon-all -s sub-04 finished without error at Fri Jul  7 14:14:09 EDT 2017
\n\n
New invocation of recon-all 
\n\n
status file for recon-all
Fri Jul  7 14:14:10 EDT 2017
#@# Surf Reg rh Fri Jul  7 14:14:10 EDT 2017
recon-all -s sub-04 finished without error at Fri Jul  7 14:49:45 EDT 2017
\n\n
New invocation of recon-all 
\n\n
status file for recon-all
Fri Jul  7 14:49:46 EDT 2017
#@# Cortical Parc rh Fri Jul  7 14:49:46 EDT 2017
recon-all -s sub-04 finished without error at Fri Jul  7 14:50:04 EDT 2017
\n\n
New invocation of recon-all 
\n\n
status file for recon-all
Fri Jul  7 14:50:04 EDT 2017
#@# Make Pial Surf rh Fri Jul  7 14:50:04 EDT 2017
#@# Surf Volume rh Fri Jul  7 15:10:09 EDT 2017
recon-all -s sub-04 finished without error at Fri Jul  7 15:10:14 EDT 2017
\n\n
New invocation of recon-all 
\n\n
status file for recon-all
Fri Jul  7 15:10:15 EDT 2017
#@# Surf Volume rh Fri Jul  7 15:10:15 EDT 2017
recon-all -s sub-04 finished without error at Fri Jul  7 15:10:19 EDT 2017
\n\n
New invocation of recon-all 
\n\n
status file for recon-all
Fri Jul  7 15:10:20 EDT 2017
#@# Curv .H and .K lh Fri Jul  7 15:10:20 EDT 2017
recon-all -s sub-04 finished without error at Fri Jul  7 15:11:56 EDT 2017
\n\n
New invocation of recon-all 
\n\n
status file for recon-all
Fri Jul  7 15:11:56 EDT 2017
#@# Curv .H and .K rh Fri Jul  7 15:11:56 EDT 2017
recon-all -s sub-04 finished without error at Fri Jul  7 15:13:26 EDT 2017
\n\n
New invocation of recon-all 
\n\n
status file for recon-all
Fri Jul  7 15:13:27 EDT 2017
#@# Curvature Stats lh Fri Jul  7 15:13:27 EDT 2017
recon-all -s sub-04 finished without error at Fri Jul  7 15:13:34 EDT 2017
\n\n
New invocation of recon-all 
\n\n
status file for recon-all
Fri Jul  7 15:13:34 EDT 2017
#@# Curvature Stats rh Fri Jul  7 15:13:35 EDT 2017
recon-all -s sub-04 finished without error at Fri Jul  7 15:13:41 EDT 2017
\n\n
New invocation of recon-all 
\n\n
status file for recon-all
Fri Jul  7 15:13:42 EDT 2017
#@# Jacobian white lh Fri Jul  7 15:13:42 EDT 2017
recon-all -s sub-04 finished without error at Fri Jul  7 15:13:44 EDT 2017
\n\n
New invocation of recon-all 
\n\n
status file for recon-all
Fri Jul  7 15:13:45 EDT 2017
#@# Jacobian white rh Fri Jul  7 15:13:45 EDT 2017
recon-all -s sub-04 finished without error at Fri Jul  7 15:13:47 EDT 2017
\n\n
New invocation of recon-all 
\n\n
status file for recon-all
Fri Jul  7 15:13:47 EDT 2017
#@# AvgCurv lh Fri Jul  7 15:13:48 EDT 2017
recon-all -s sub-04 finished without error at Fri Jul  7 15:13:50 EDT 2017
\n\n
New invocation of recon-all 
\n\n
status file for recon-all
Fri Jul  7 15:13:50 EDT 2017
#@# AvgCurv rh Fri Jul  7 15:13:50 EDT 2017
recon-all -s sub-04 finished without error at Fri Jul  7 15:13:53 EDT 2017
\n\n
New invocation of recon-all 
\n\n
status file for recon-all
Fri Jul  7 15:13:53 EDT 2017
#@# Cortical ribbon mask Fri Jul  7 15:13:53 EDT 2017
recon-all -s sub-04 finished without error at Fri Jul  7 15:37:54 EDT 2017
\n\n
New invocation of recon-all 
\n\n
status file for recon-all
Fri Jul  7 15:37:55 EDT 2017
#@# Parcellation Stats lh Fri Jul  7 15:37:55 EDT 2017
recon-all -s sub-04 finished without error at Fri Jul  7 15:39:18 EDT 2017
\n\n
New invocation of recon-all 
\n\n
status file for recon-all
Fri Jul  7 15:39:18 EDT 2017
#@# Parcellation Stats rh Fri Jul  7 15:39:18 EDT 2017
recon-all -s sub-04 finished without error at Fri Jul  7 15:40:40 EDT 2017
\n\n
New invocation of recon-all 
\n\n
status file for recon-all
Fri Jul  7 15:40:40 EDT 2017
#@# Cortical Parc 2 lh Fri Jul  7 15:40:40 EDT 2017
recon-all -s sub-04 finished without error at Fri Jul  7 15:41:02 EDT 2017
\n\n
New invocation of recon-all 
\n\n
status file for recon-all
Fri Jul  7 15:41:02 EDT 2017
#@# Cortical Parc 2 rh Fri Jul  7 15:41:03 EDT 2017
recon-all -s sub-04 finished without error at Fri Jul  7 15:41:25 EDT 2017
\n\n
New invocation of recon-all 
\n\n
status file for recon-all
Fri Jul  7 15:41:26 EDT 2017
#@# Parcellation Stats 2 lh Fri Jul  7 15:41:26 EDT 2017
recon-all -s sub-04 finished without error at Fri Jul  7 15:42:11 EDT 2017
\n\n
New invocation of recon-all 
\n\n
status file for recon-all
Fri Jul  7 15:42:12 EDT 2017
#@# Parcellation Stats 2 rh Fri Jul  7 15:42:12 EDT 2017
recon-all -s sub-04 finished without error at Fri Jul  7 15:42:53 EDT 2017
\n\n
New invocation of recon-all 
\n\n
status file for recon-all
Fri Jul  7 15:42:53 EDT 2017
#@# Cortical Parc 3 lh Fri Jul  7 15:42:53 EDT 2017
recon-all -s sub-04 finished without error at Fri Jul  7 15:43:11 EDT 2017
\n\n
New invocation of recon-all 
\n\n
status file for recon-all
Fri Jul  7 15:43:11 EDT 2017
#@# Cortical Parc 3 rh Fri Jul  7 15:43:11 EDT 2017
recon-all -s sub-04 finished without error at Fri Jul  7 15:43:28 EDT 2017
\n\n
New invocation of recon-all 
\n\n
status file for recon-all
Fri Jul  7 15:43:29 EDT 2017
#@# Parcellation Stats 3 lh Fri Jul  7 15:43:29 EDT 2017
recon-all -s sub-04 finished without error at Fri Jul  7 15:44:10 EDT 2017
\n\n
New invocation of recon-all 
\n\n
status file for recon-all
Fri Jul  7 15:44:10 EDT 2017
#@# Parcellation Stats 3 rh Fri Jul  7 15:44:10 EDT 2017
recon-all -s sub-04 finished without error at Fri Jul  7 15:44:52 EDT 2017
\n\n
New invocation of recon-all 
\n\n
status file for recon-all
Fri Jul  7 15:44:52 EDT 2017
#@# WM/GM Contrast lh Fri Jul  7 15:44:52 EDT 2017
recon-all -s sub-04 finished without error at Fri Jul  7 15:44:59 EDT 2017
\n\n
New invocation of recon-all 
\n\n
status file for recon-all
Fri Jul  7 15:44:59 EDT 2017
#@# WM/GM Contrast rh Fri Jul  7 15:44:59 EDT 2017
recon-all -s sub-04 finished without error at Fri Jul  7 15:45:06 EDT 2017
\n\n
New invocation of recon-all 
\n\n
status file for recon-all
Fri Jul  7 15:45:06 EDT 2017
#@# Relabel Hypointensities Fri Jul  7 15:45:06 EDT 2017
recon-all -s sub-04 finished without error at Fri Jul  7 15:45:33 EDT 2017
\n\n
New invocation of recon-all 
\n\n
status file for recon-all
Fri Jul  7 15:45:34 EDT 2017
#@# AParc-to-ASeg aparc Fri Jul  7 15:45:34 EDT 2017
#@# AParc-to-ASeg a2009s Fri Jul  7 15:51:04 EDT 2017
#@# AParc-to-ASeg DKTatlas Fri Jul  7 15:56:29 EDT 2017
recon-all -s sub-04 finished without error at Fri Jul  7 16:01:48 EDT 2017
\n\n
New invocation of recon-all 
\n\n
status file for recon-all
Fri Jul  7 16:01:49 EDT 2017
#@# APas-to-ASeg Fri Jul  7 16:01:49 EDT 2017
recon-all -s sub-04 finished without error at Fri Jul  7 16:01:54 EDT 2017
\n\n
New invocation of recon-all 
\n\n
status file for recon-all
Fri Jul  7 16:01:55 EDT 2017
#@# ASeg Stats Fri Jul  7 16:01:55 EDT 2017
recon-all -s sub-04 finished without error at Fri Jul  7 16:03:07 EDT 2017
\n\n
New invocation of recon-all 
\n\n
status file for recon-all
Fri Jul  7 16:03:07 EDT 2017
#@# WMParc Fri Jul  7 16:03:07 EDT 2017
recon-all -s sub-04 finished without error at Fri Jul  7 16:10:00 EDT 2017
\n\n
New invocation of recon-all 
\n\n
status file for recon-all
Fri Jul  7 16:10:00 EDT 2017
#@# BA_exvivo Labels lh Fri Jul  7 16:10:00 EDT 2017
recon-all -s sub-04 finished without error at Fri Jul  7 16:15:36 EDT 2017
\n\n
New invocation of recon-all 
\n\n
status file for recon-all
Fri Jul  7 16:15:36 EDT 2017
#@# BA_exvivo Labels rh Fri Jul  7 16:15:36 EDT 2017
recon-all -s sub-04 finished without error at Fri Jul  7 16:21:04 EDT 2017
