status file for recon-all
Thu Jul  6 19:17:25 EDT 2017
#@# MotionCor Thu Jul  6 19:17:35 EDT 2017
#@# Deface Thu Jul  6 19:17:49 EDT 2017
#@# Talairach Thu Jul  6 19:21:07 EDT 2017
#@# Talairach Failure Detection Thu Jul  6 19:23:44 EDT 2017
#@# Nu Intensity Correction Thu Jul  6 19:23:44 EDT 2017
#@# Intensity Normalization Thu Jul  6 19:25:41 EDT 2017
#@# Skull Stripping Thu Jul  6 19:29:12 EDT 2017
#@# EM Registration Thu Jul  6 19:40:54 EDT 2017
#@# CA Normalize Thu Jul  6 19:54:45 EDT 2017
#@# CA Reg Thu Jul  6 19:57:24 EDT 2017
#@# SubCort Seg Thu Jul  6 22:10:25 EDT 2017
#@# Merge ASeg Thu Jul  6 23:17:36 EDT 2017
#@# Intensity Normalization2 Thu Jul  6 23:17:36 EDT 2017
#@# Mask BFS Thu Jul  6 23:20:50 EDT 2017
#@# WM Segmentation Thu Jul  6 23:20:51 EDT 2017
#@# Fill Thu Jul  6 23:23:27 EDT 2017
#@# Tessellate lh Thu Jul  6 23:24:10 EDT 2017
#@# Tessellate rh Thu Jul  6 23:24:15 EDT 2017
#@# Smooth1 lh Thu Jul  6 23:24:21 EDT 2017
#@# Smooth1 rh Thu Jul  6 23:24:21 EDT 2017
Darwin trash-can.local 15.6.0 Darwin Kernel Version 15.6.0: Thu Jun 23 18:25:34 PDT 2016; root:xnu-3248.60.10~1/RELEASE_X86_64 x86_64 i386 MacPro6,1 Darwin

recon-all -s sub-05 exited with ERRORS at Thu Jul  6 23:24:22 EDT 2017

\n\n
New invocation of recon-all 
\n\n
status file for recon-all
Fri Jul  7 09:47:34 EDT 2017
#@# Smooth1 lh Fri Jul  7 09:47:34 EDT 2017
recon-all -s sub-05 finished without error at Fri Jul  7 09:47:43 EDT 2017
\n\n
New invocation of recon-all 
\n\n
status file for recon-all
Fri Jul  7 09:47:44 EDT 2017
#@# Smooth1 rh Fri Jul  7 09:47:44 EDT 2017
recon-all -s sub-05 finished without error at Fri Jul  7 09:47:54 EDT 2017
\n\n
New invocation of recon-all 
\n\n
status file for recon-all
Fri Jul  7 09:47:54 EDT 2017
#@# Inflation1 lh Fri Jul  7 09:47:54 EDT 2017
recon-all -s sub-05 finished without error at Fri Jul  7 09:48:18 EDT 2017
\n\n
New invocation of recon-all 
\n\n
status file for recon-all
Fri Jul  7 09:48:18 EDT 2017
#@# Inflation1 rh Fri Jul  7 09:48:18 EDT 2017
recon-all -s sub-05 finished without error at Fri Jul  7 09:48:43 EDT 2017
\n\n
New invocation of recon-all 
\n\n
status file for recon-all
Fri Jul  7 09:48:44 EDT 2017
#@# QSphere lh Fri Jul  7 09:48:44 EDT 2017
recon-all -s sub-05 finished without error at Fri Jul  7 09:51:59 EDT 2017
\n\n
New invocation of recon-all 
\n\n
status file for recon-all
Fri Jul  7 09:52:00 EDT 2017
#@# QSphere rh Fri Jul  7 09:52:00 EDT 2017
recon-all -s sub-05 finished without error at Fri Jul  7 09:55:15 EDT 2017
\n\n
New invocation of recon-all 
\n\n
status file for recon-all
Fri Jul  7 09:55:15 EDT 2017
#@# Fix Topology Copy lh Fri Jul  7 09:55:15 EDT 2017
#@# Fix Topology lh Fri Jul  7 09:55:15 EDT 2017
