status file for recon-all
Thu Jul  6 19:19:56 EDT 2017
#@# MotionCor Thu Jul  6 19:20:09 EDT 2017
#@# Deface Thu Jul  6 19:20:23 EDT 2017
#@# Talairach Thu Jul  6 19:23:21 EDT 2017
#@# Talairach Failure Detection Thu Jul  6 19:25:22 EDT 2017
#@# Nu Intensity Correction Thu Jul  6 19:25:22 EDT 2017
#@# Intensity Normalization Thu Jul  6 19:27:50 EDT 2017
#@# Skull Stripping Thu Jul  6 19:31:58 EDT 2017
#@# EM Registration Thu Jul  6 19:45:46 EDT 2017
#@# CA Normalize Thu Jul  6 19:59:30 EDT 2017
#@# CA Reg Thu Jul  6 20:02:18 EDT 2017
#@# SubCort Seg Thu Jul  6 22:42:41 EDT 2017
#@# Merge ASeg Thu Jul  6 23:47:33 EDT 2017
#@# Intensity Normalization2 Thu Jul  6 23:47:33 EDT 2017
#@# Mask BFS Thu Jul  6 23:50:32 EDT 2017
#@# WM Segmentation Thu Jul  6 23:50:33 EDT 2017
#@# Fill Thu Jul  6 23:52:51 EDT 2017
#@# Tessellate lh Thu Jul  6 23:53:34 EDT 2017
#@# Tessellate rh Thu Jul  6 23:53:40 EDT 2017
#@# Smooth1 lh Thu Jul  6 23:53:46 EDT 2017
#@# Smooth1 rh Thu Jul  6 23:53:46 EDT 2017
Darwin trash-can.local 15.6.0 Darwin Kernel Version 15.6.0: Thu Jun 23 18:25:34 PDT 2016; root:xnu-3248.60.10~1/RELEASE_X86_64 x86_64 i386 MacPro6,1 Darwin

recon-all -s sub-08 exited with ERRORS at Thu Jul  6 23:53:46 EDT 2017

\n\n
New invocation of recon-all 
\n\n
status file for recon-all
Fri Jul  7 09:49:48 EDT 2017
#@# Smooth1 lh Fri Jul  7 09:49:48 EDT 2017
recon-all -s sub-08 finished without error at Fri Jul  7 09:50:01 EDT 2017
\n\n
New invocation of recon-all 
\n\n
status file for recon-all
Fri Jul  7 09:50:01 EDT 2017
#@# Smooth1 rh Fri Jul  7 09:50:01 EDT 2017
recon-all -s sub-08 finished without error at Fri Jul  7 09:50:16 EDT 2017
\n\n
New invocation of recon-all 
\n\n
status file for recon-all
Fri Jul  7 09:50:17 EDT 2017
#@# Inflation1 lh Fri Jul  7 09:50:17 EDT 2017
recon-all -s sub-08 finished without error at Fri Jul  7 09:51:00 EDT 2017
\n\n
New invocation of recon-all 
\n\n
status file for recon-all
Fri Jul  7 09:51:00 EDT 2017
#@# Inflation1 rh Fri Jul  7 09:51:01 EDT 2017
recon-all -s sub-08 finished without error at Fri Jul  7 09:51:48 EDT 2017
\n\n
New invocation of recon-all 
\n\n
status file for recon-all
Fri Jul  7 09:51:48 EDT 2017
#@# QSphere lh Fri Jul  7 09:51:48 EDT 2017
recon-all -s sub-08 finished without error at Fri Jul  7 09:55:11 EDT 2017
\n\n
New invocation of recon-all 
\n\n
status file for recon-all
Fri Jul  7 09:55:11 EDT 2017
#@# QSphere rh Fri Jul  7 09:55:11 EDT 2017
recon-all -s sub-08 finished without error at Fri Jul  7 09:57:51 EDT 2017
\n\n
New invocation of recon-all 
\n\n
status file for recon-all
Fri Jul  7 09:57:52 EDT 2017
#@# Fix Topology Copy lh Fri Jul  7 09:57:52 EDT 2017
#@# Fix Topology lh Fri Jul  7 09:57:52 EDT 2017
recon-all -s sub-08 finished without error at Fri Jul  7 10:34:06 EDT 2017
\n\n
New invocation of recon-all 
\n\n
status file for recon-all
Fri Jul  7 10:34:07 EDT 2017
#@# Fix Topology Copy rh Fri Jul  7 10:34:07 EDT 2017
#@# Fix Topology rh Fri Jul  7 10:34:07 EDT 2017
recon-all -s sub-08 finished without error at Fri Jul  7 15:54:38 EDT 2017
\n\n
New invocation of recon-all 
\n\n
status file for recon-all
Fri Jul  7 15:54:38 EDT 2017
#@# Make White Surf lh Fri Jul  7 15:54:38 EDT 2017
recon-all -s sub-08 finished without error at Fri Jul  7 16:13:36 EDT 2017
\n\n
New invocation of recon-all 
\n\n
status file for recon-all
Fri Jul  7 16:13:37 EDT 2017
#@# Make White Surf rh Fri Jul  7 16:13:37 EDT 2017
recon-all -s sub-08 finished without error at Fri Jul  7 16:32:50 EDT 2017
\n\n
New invocation of recon-all 
\n\n
status file for recon-all
Fri Jul  7 16:32:51 EDT 2017
#@# Smooth2 lh Fri Jul  7 16:32:51 EDT 2017
recon-all -s sub-08 finished without error at Fri Jul  7 16:33:00 EDT 2017
\n\n
New invocation of recon-all 
\n\n
status file for recon-all
Fri Jul  7 16:33:00 EDT 2017
#@# Inflation2 lh Fri Jul  7 16:33:00 EDT 2017
recon-all -s sub-08 finished without error at Fri Jul  7 16:33:20 EDT 2017
\n\n
New invocation of recon-all 
\n\n
status file for recon-all
Fri Jul  7 16:33:21 EDT 2017
#@# Sphere lh Fri Jul  7 16:33:21 EDT 2017
recon-all -s sub-08 finished without error at Fri Jul  7 16:52:03 EDT 2017
\n\n
New invocation of recon-all 
\n\n
status file for recon-all
Fri Jul  7 16:52:04 EDT 2017
#@# Surf Reg lh Fri Jul  7 16:52:04 EDT 2017
recon-all -s sub-08 finished without error at Fri Jul  7 17:24:38 EDT 2017
\n\n
New invocation of recon-all 
\n\n
status file for recon-all
Fri Jul  7 17:24:38 EDT 2017
#@# Cortical Parc lh Fri Jul  7 17:24:38 EDT 2017
recon-all -s sub-08 finished without error at Fri Jul  7 17:24:56 EDT 2017
\n\n
New invocation of recon-all 
\n\n
status file for recon-all
Fri Jul  7 17:24:57 EDT 2017
#@# Make Pial Surf lh Fri Jul  7 17:24:57 EDT 2017
#@# Surf Volume lh Fri Jul  7 17:43:53 EDT 2017
recon-all -s sub-08 finished without error at Fri Jul  7 17:43:57 EDT 2017
\n\n
New invocation of recon-all 
\n\n
status file for recon-all
Fri Jul  7 17:43:57 EDT 2017
#@# Surf Volume lh Fri Jul  7 17:43:57 EDT 2017
recon-all -s sub-08 finished without error at Fri Jul  7 17:44:02 EDT 2017
\n\n
New invocation of recon-all 
\n\n
status file for recon-all
Fri Jul  7 17:44:02 EDT 2017
#@# Smooth2 rh Fri Jul  7 17:44:02 EDT 2017
recon-all -s sub-08 finished without error at Fri Jul  7 17:44:12 EDT 2017
\n\n
New invocation of recon-all 
\n\n
status file for recon-all
Fri Jul  7 17:44:12 EDT 2017
#@# Inflation2 rh Fri Jul  7 17:44:12 EDT 2017
recon-all -s sub-08 finished without error at Fri Jul  7 17:44:33 EDT 2017
\n\n
New invocation of recon-all 
\n\n
status file for recon-all
Fri Jul  7 17:44:34 EDT 2017
#@# Sphere rh Fri Jul  7 17:44:34 EDT 2017
recon-all -s sub-08 finished without error at Fri Jul  7 18:04:28 EDT 2017
\n\n
New invocation of recon-all 
\n\n
status file for recon-all
Fri Jul  7 18:04:28 EDT 2017
#@# Surf Reg rh Fri Jul  7 18:04:28 EDT 2017
recon-all -s sub-08 finished without error at Fri Jul  7 18:38:38 EDT 2017
\n\n
New invocation of recon-all 
\n\n
status file for recon-all
Fri Jul  7 18:38:38 EDT 2017
#@# Cortical Parc rh Fri Jul  7 18:38:38 EDT 2017
recon-all -s sub-08 finished without error at Fri Jul  7 18:38:56 EDT 2017
\n\n
New invocation of recon-all 
\n\n
status file for recon-all
Fri Jul  7 18:38:56 EDT 2017
#@# Make Pial Surf rh Fri Jul  7 18:38:56 EDT 2017
#@# Surf Volume rh Fri Jul  7 18:57:57 EDT 2017
recon-all -s sub-08 finished without error at Fri Jul  7 18:58:01 EDT 2017
\n\n
New invocation of recon-all 
\n\n
status file for recon-all
Fri Jul  7 18:58:01 EDT 2017
#@# Surf Volume rh Fri Jul  7 18:58:01 EDT 2017
recon-all -s sub-08 finished without error at Fri Jul  7 18:58:05 EDT 2017
\n\n
New invocation of recon-all 
\n\n
status file for recon-all
Fri Jul  7 18:58:06 EDT 2017
#@# Curv .H and .K lh Fri Jul  7 18:58:06 EDT 2017
recon-all -s sub-08 finished without error at Fri Jul  7 18:59:27 EDT 2017
\n\n
New invocation of recon-all 
\n\n
status file for recon-all
Fri Jul  7 18:59:27 EDT 2017
#@# Curv .H and .K rh Fri Jul  7 18:59:27 EDT 2017
recon-all -s sub-08 finished without error at Fri Jul  7 19:00:51 EDT 2017
\n\n
New invocation of recon-all 
\n\n
status file for recon-all
Fri Jul  7 19:00:51 EDT 2017
#@# Curvature Stats lh Fri Jul  7 19:00:51 EDT 2017
recon-all -s sub-08 finished without error at Fri Jul  7 19:00:58 EDT 2017
\n\n
New invocation of recon-all 
\n\n
status file for recon-all
Fri Jul  7 19:00:58 EDT 2017
#@# Curvature Stats rh Fri Jul  7 19:00:58 EDT 2017
recon-all -s sub-08 finished without error at Fri Jul  7 19:01:05 EDT 2017
\n\n
New invocation of recon-all 
\n\n
status file for recon-all
Fri Jul  7 19:01:05 EDT 2017
#@# Jacobian white lh Fri Jul  7 19:01:05 EDT 2017
recon-all -s sub-08 finished without error at Fri Jul  7 19:01:07 EDT 2017
\n\n
New invocation of recon-all 
\n\n
status file for recon-all
Fri Jul  7 19:01:07 EDT 2017
#@# Jacobian white rh Fri Jul  7 19:01:07 EDT 2017
recon-all -s sub-08 finished without error at Fri Jul  7 19:01:09 EDT 2017
\n\n
New invocation of recon-all 
\n\n
status file for recon-all
Fri Jul  7 19:01:10 EDT 2017
#@# AvgCurv lh Fri Jul  7 19:01:10 EDT 2017
recon-all -s sub-08 finished without error at Fri Jul  7 19:01:12 EDT 2017
\n\n
New invocation of recon-all 
\n\n
status file for recon-all
Fri Jul  7 19:01:12 EDT 2017
#@# AvgCurv rh Fri Jul  7 19:01:12 EDT 2017
recon-all -s sub-08 finished without error at Fri Jul  7 19:01:14 EDT 2017
\n\n
New invocation of recon-all 
\n\n
status file for recon-all
Fri Jul  7 19:01:15 EDT 2017
#@# Cortical ribbon mask Fri Jul  7 19:01:15 EDT 2017
recon-all -s sub-08 finished without error at Fri Jul  7 19:14:34 EDT 2017
\n\n
New invocation of recon-all 
\n\n
status file for recon-all
Fri Jul  7 19:14:34 EDT 2017
#@# Parcellation Stats lh Fri Jul  7 19:14:34 EDT 2017
recon-all -s sub-08 finished without error at Fri Jul  7 19:16:00 EDT 2017
\n\n
New invocation of recon-all 
\n\n
status file for recon-all
Fri Jul  7 19:16:00 EDT 2017
#@# Parcellation Stats rh Fri Jul  7 19:16:00 EDT 2017
recon-all -s sub-08 finished without error at Fri Jul  7 19:17:25 EDT 2017
\n\n
New invocation of recon-all 
\n\n
status file for recon-all
Fri Jul  7 19:17:26 EDT 2017
#@# Cortical Parc 2 lh Fri Jul  7 19:17:26 EDT 2017
recon-all -s sub-08 finished without error at Fri Jul  7 19:17:49 EDT 2017
\n\n
New invocation of recon-all 
\n\n
status file for recon-all
Fri Jul  7 19:17:49 EDT 2017
#@# Cortical Parc 2 rh Fri Jul  7 19:17:49 EDT 2017
recon-all -s sub-08 finished without error at Fri Jul  7 19:18:12 EDT 2017
\n\n
New invocation of recon-all 
\n\n
status file for recon-all
Fri Jul  7 19:18:12 EDT 2017
#@# Parcellation Stats 2 lh Fri Jul  7 19:18:12 EDT 2017
recon-all -s sub-08 finished without error at Fri Jul  7 19:18:56 EDT 2017
\n\n
New invocation of recon-all 
\n\n
status file for recon-all
Fri Jul  7 19:18:56 EDT 2017
#@# Parcellation Stats 2 rh Fri Jul  7 19:18:56 EDT 2017
recon-all -s sub-08 finished without error at Fri Jul  7 19:19:42 EDT 2017
\n\n
New invocation of recon-all 
\n\n
status file for recon-all
Fri Jul  7 19:19:42 EDT 2017
#@# Cortical Parc 3 lh Fri Jul  7 19:19:42 EDT 2017
recon-all -s sub-08 finished without error at Fri Jul  7 19:19:59 EDT 2017
\n\n
New invocation of recon-all 
\n\n
status file for recon-all
Fri Jul  7 19:20:00 EDT 2017
#@# Cortical Parc 3 rh Fri Jul  7 19:20:00 EDT 2017
recon-all -s sub-08 finished without error at Fri Jul  7 19:20:18 EDT 2017
\n\n
New invocation of recon-all 
\n\n
status file for recon-all
Fri Jul  7 19:20:18 EDT 2017
#@# Parcellation Stats 3 lh Fri Jul  7 19:20:18 EDT 2017
recon-all -s sub-08 finished without error at Fri Jul  7 19:21:00 EDT 2017
\n\n
New invocation of recon-all 
\n\n
status file for recon-all
Fri Jul  7 19:21:00 EDT 2017
#@# Parcellation Stats 3 rh Fri Jul  7 19:21:00 EDT 2017
recon-all -s sub-08 finished without error at Fri Jul  7 19:21:43 EDT 2017
\n\n
New invocation of recon-all 
\n\n
status file for recon-all
Fri Jul  7 19:21:44 EDT 2017
#@# WM/GM Contrast lh Fri Jul  7 19:21:44 EDT 2017
recon-all -s sub-08 finished without error at Fri Jul  7 19:21:51 EDT 2017
\n\n
New invocation of recon-all 
\n\n
status file for recon-all
Fri Jul  7 19:21:51 EDT 2017
#@# WM/GM Contrast rh Fri Jul  7 19:21:51 EDT 2017
recon-all -s sub-08 finished without error at Fri Jul  7 19:21:58 EDT 2017
\n\n
New invocation of recon-all 
\n\n
status file for recon-all
Fri Jul  7 19:21:58 EDT 2017
#@# Relabel Hypointensities Fri Jul  7 19:21:58 EDT 2017
recon-all -s sub-08 finished without error at Fri Jul  7 19:22:26 EDT 2017
\n\n
New invocation of recon-all 
\n\n
status file for recon-all
Fri Jul  7 19:22:26 EDT 2017
#@# AParc-to-ASeg aparc Fri Jul  7 19:22:26 EDT 2017
#@# AParc-to-ASeg a2009s Fri Jul  7 19:27:39 EDT 2017
#@# AParc-to-ASeg DKTatlas Fri Jul  7 19:32:49 EDT 2017
recon-all -s sub-08 finished without error at Fri Jul  7 19:37:59 EDT 2017
\n\n
New invocation of recon-all 
\n\n
status file for recon-all
Fri Jul  7 19:37:59 EDT 2017
#@# APas-to-ASeg Fri Jul  7 19:37:59 EDT 2017
recon-all -s sub-08 finished without error at Fri Jul  7 19:38:05 EDT 2017
\n\n
New invocation of recon-all 
\n\n
status file for recon-all
Fri Jul  7 19:38:05 EDT 2017
#@# ASeg Stats Fri Jul  7 19:38:05 EDT 2017
recon-all -s sub-08 finished without error at Fri Jul  7 19:39:18 EDT 2017
\n\n
New invocation of recon-all 
\n\n
status file for recon-all
Fri Jul  7 19:39:18 EDT 2017
#@# WMParc Fri Jul  7 19:39:18 EDT 2017
recon-all -s sub-08 finished without error at Fri Jul  7 19:46:32 EDT 2017
\n\n
New invocation of recon-all 
\n\n
status file for recon-all
Fri Jul  7 19:46:33 EDT 2017
#@# BA_exvivo Labels lh Fri Jul  7 19:46:33 EDT 2017
recon-all -s sub-08 finished without error at Fri Jul  7 19:51:50 EDT 2017
\n\n
New invocation of recon-all 
\n\n
status file for recon-all
Fri Jul  7 19:51:50 EDT 2017
#@# BA_exvivo Labels rh Fri Jul  7 19:51:50 EDT 2017
recon-all -s sub-08 finished without error at Fri Jul  7 19:57:11 EDT 2017
