status file for recon-all
Thu Jul  6 19:06:28 EDT 2017
#@# MotionCor Thu Jul  6 19:06:36 EDT 2017
#@# Deface Thu Jul  6 19:06:46 EDT 2017
#@# Talairach Thu Jul  6 19:08:48 EDT 2017
#@# Talairach Failure Detection Thu Jul  6 19:10:25 EDT 2017
#@# Nu Intensity Correction Thu Jul  6 19:10:25 EDT 2017
#@# Intensity Normalization Thu Jul  6 19:11:53 EDT 2017
#@# Skull Stripping Thu Jul  6 19:13:55 EDT 2017
#@# EM Registration Thu Jul  6 19:24:00 EDT 2017
#@# CA Normalize Thu Jul  6 19:34:23 EDT 2017
#@# CA Reg Thu Jul  6 19:37:06 EDT 2017
#@# SubCort Seg Thu Jul  6 22:46:16 EDT 2017
#@# Merge ASeg Thu Jul  6 23:47:19 EDT 2017
#@# Intensity Normalization2 Thu Jul  6 23:47:19 EDT 2017
#@# Mask BFS Thu Jul  6 23:50:31 EDT 2017
#@# WM Segmentation Thu Jul  6 23:50:32 EDT 2017
#@# Fill Thu Jul  6 23:52:47 EDT 2017
#@# Tessellate lh Thu Jul  6 23:53:31 EDT 2017
#@# Tessellate rh Thu Jul  6 23:53:36 EDT 2017
#@# Smooth1 lh Thu Jul  6 23:53:41 EDT 2017
#@# Smooth1 rh Thu Jul  6 23:53:41 EDT 2017
Darwin trash-can.local 15.6.0 Darwin Kernel Version 15.6.0: Thu Jun 23 18:25:34 PDT 2016; root:xnu-3248.60.10~1/RELEASE_X86_64 x86_64 i386 MacPro6,1 Darwin

recon-all -s sub-03 exited with ERRORS at Thu Jul  6 23:53:42 EDT 2017

\n\n
New invocation of recon-all 
\n\n
status file for recon-all
Fri Jul  7 09:46:22 EDT 2017
#@# Smooth1 lh Fri Jul  7 09:46:22 EDT 2017
recon-all -s sub-03 finished without error at Fri Jul  7 09:46:30 EDT 2017
\n\n
New invocation of recon-all 
\n\n
status file for recon-all
Fri Jul  7 09:46:31 EDT 2017
#@# Smooth1 rh Fri Jul  7 09:46:31 EDT 2017
recon-all -s sub-03 finished without error at Fri Jul  7 09:46:39 EDT 2017
\n\n
New invocation of recon-all 
\n\n
status file for recon-all
Fri Jul  7 09:46:39 EDT 2017
#@# Inflation1 lh Fri Jul  7 09:46:39 EDT 2017
recon-all -s sub-03 finished without error at Fri Jul  7 09:46:57 EDT 2017
\n\n
New invocation of recon-all 
\n\n
status file for recon-all
Fri Jul  7 09:46:57 EDT 2017
#@# Inflation1 rh Fri Jul  7 09:46:57 EDT 2017
recon-all -s sub-03 finished without error at Fri Jul  7 09:47:14 EDT 2017
\n\n
New invocation of recon-all 
\n\n
status file for recon-all
Fri Jul  7 09:47:14 EDT 2017
#@# QSphere lh Fri Jul  7 09:47:14 EDT 2017
recon-all -s sub-03 finished without error at Fri Jul  7 09:49:13 EDT 2017
\n\n
New invocation of recon-all 
\n\n
status file for recon-all
Fri Jul  7 09:49:13 EDT 2017
#@# QSphere rh Fri Jul  7 09:49:13 EDT 2017
recon-all -s sub-03 finished without error at Fri Jul  7 09:52:17 EDT 2017
\n\n
New invocation of recon-all 
\n\n
status file for recon-all
Fri Jul  7 09:52:18 EDT 2017
#@# Fix Topology Copy lh Fri Jul  7 09:52:18 EDT 2017
#@# Fix Topology lh Fri Jul  7 09:52:18 EDT 2017
recon-all -s sub-03 finished without error at Fri Jul  7 10:19:43 EDT 2017
\n\n
New invocation of recon-all 
\n\n
status file for recon-all
Fri Jul  7 10:19:44 EDT 2017
#@# Fix Topology Copy rh Fri Jul  7 10:19:44 EDT 2017
#@# Fix Topology rh Fri Jul  7 10:19:44 EDT 2017
recon-all -s sub-03 finished without error at Fri Jul  7 10:52:38 EDT 2017
\n\n
New invocation of recon-all 
\n\n
status file for recon-all
Fri Jul  7 10:52:39 EDT 2017
#@# Make White Surf lh Fri Jul  7 10:52:39 EDT 2017
recon-all -s sub-03 finished without error at Fri Jul  7 11:10:12 EDT 2017
\n\n
New invocation of recon-all 
\n\n
status file for recon-all
Fri Jul  7 11:10:13 EDT 2017
#@# Make White Surf rh Fri Jul  7 11:10:13 EDT 2017
recon-all -s sub-03 finished without error at Fri Jul  7 11:28:50 EDT 2017
\n\n
New invocation of recon-all 
\n\n
status file for recon-all
Fri Jul  7 11:28:50 EDT 2017
#@# Smooth2 lh Fri Jul  7 11:28:50 EDT 2017
recon-all -s sub-03 finished without error at Fri Jul  7 11:28:58 EDT 2017
\n\n
New invocation of recon-all 
\n\n
status file for recon-all
Fri Jul  7 11:28:59 EDT 2017
#@# Inflation2 lh Fri Jul  7 11:28:59 EDT 2017
recon-all -s sub-03 finished without error at Fri Jul  7 11:29:17 EDT 2017
\n\n
New invocation of recon-all 
\n\n
status file for recon-all
Fri Jul  7 11:29:17 EDT 2017
#@# Sphere lh Fri Jul  7 11:29:17 EDT 2017
recon-all -s sub-03 finished without error at Fri Jul  7 11:46:19 EDT 2017
\n\n
New invocation of recon-all 
\n\n
status file for recon-all
Fri Jul  7 11:46:19 EDT 2017
#@# Surf Reg lh Fri Jul  7 11:46:19 EDT 2017
recon-all -s sub-03 finished without error at Fri Jul  7 12:19:09 EDT 2017
\n\n
New invocation of recon-all 
\n\n
status file for recon-all
Fri Jul  7 12:19:09 EDT 2017
#@# Cortical Parc lh Fri Jul  7 12:19:09 EDT 2017
recon-all -s sub-03 finished without error at Fri Jul  7 12:19:38 EDT 2017
\n\n
New invocation of recon-all 
\n\n
status file for recon-all
Fri Jul  7 12:19:38 EDT 2017
#@# Make Pial Surf lh Fri Jul  7 12:19:38 EDT 2017
#@# Surf Volume lh Fri Jul  7 12:44:53 EDT 2017
recon-all -s sub-03 finished without error at Fri Jul  7 12:44:59 EDT 2017
\n\n
New invocation of recon-all 
\n\n
status file for recon-all
Fri Jul  7 12:44:59 EDT 2017
#@# Surf Volume lh Fri Jul  7 12:44:59 EDT 2017
recon-all -s sub-03 finished without error at Fri Jul  7 12:45:04 EDT 2017
\n\n
New invocation of recon-all 
\n\n
status file for recon-all
Fri Jul  7 12:45:05 EDT 2017
#@# Smooth2 rh Fri Jul  7 12:45:05 EDT 2017
recon-all -s sub-03 finished without error at Fri Jul  7 12:45:16 EDT 2017
\n\n
New invocation of recon-all 
\n\n
status file for recon-all
Fri Jul  7 12:45:16 EDT 2017
#@# Inflation2 rh Fri Jul  7 12:45:16 EDT 2017
recon-all -s sub-03 finished without error at Fri Jul  7 12:45:49 EDT 2017
\n\n
New invocation of recon-all 
\n\n
status file for recon-all
Fri Jul  7 12:45:50 EDT 2017
#@# Sphere rh Fri Jul  7 12:45:50 EDT 2017
recon-all -s sub-03 finished without error at Fri Jul  7 13:10:47 EDT 2017
\n\n
New invocation of recon-all 
\n\n
status file for recon-all
Fri Jul  7 13:10:48 EDT 2017
#@# Surf Reg rh Fri Jul  7 13:10:48 EDT 2017
recon-all -s sub-03 finished without error at Fri Jul  7 13:48:25 EDT 2017
\n\n
New invocation of recon-all 
\n\n
status file for recon-all
Fri Jul  7 13:48:26 EDT 2017
#@# Cortical Parc rh Fri Jul  7 13:48:26 EDT 2017
recon-all -s sub-03 finished without error at Fri Jul  7 13:48:51 EDT 2017
\n\n
New invocation of recon-all 
\n\n
status file for recon-all
Fri Jul  7 13:48:52 EDT 2017
#@# Make Pial Surf rh Fri Jul  7 13:48:52 EDT 2017
#@# Surf Volume rh Fri Jul  7 14:12:48 EDT 2017
recon-all -s sub-03 finished without error at Fri Jul  7 14:12:53 EDT 2017
\n\n
New invocation of recon-all 
\n\n
status file for recon-all
Fri Jul  7 14:12:53 EDT 2017
#@# Surf Volume rh Fri Jul  7 14:12:53 EDT 2017
recon-all -s sub-03 finished without error at Fri Jul  7 14:12:58 EDT 2017
\n\n
New invocation of recon-all 
\n\n
status file for recon-all
Fri Jul  7 14:12:58 EDT 2017
#@# Curv .H and .K lh Fri Jul  7 14:12:58 EDT 2017
recon-all -s sub-03 finished without error at Fri Jul  7 14:14:28 EDT 2017
\n\n
New invocation of recon-all 
\n\n
status file for recon-all
Fri Jul  7 14:14:28 EDT 2017
#@# Curv .H and .K rh Fri Jul  7 14:14:28 EDT 2017
recon-all -s sub-03 finished without error at Fri Jul  7 14:15:55 EDT 2017
\n\n
New invocation of recon-all 
\n\n
status file for recon-all
Fri Jul  7 14:15:55 EDT 2017
#@# Curvature Stats lh Fri Jul  7 14:15:55 EDT 2017
recon-all -s sub-03 finished without error at Fri Jul  7 14:16:03 EDT 2017
\n\n
New invocation of recon-all 
\n\n
status file for recon-all
Fri Jul  7 14:16:03 EDT 2017
#@# Curvature Stats rh Fri Jul  7 14:16:03 EDT 2017
recon-all -s sub-03 finished without error at Fri Jul  7 14:16:11 EDT 2017
\n\n
New invocation of recon-all 
\n\n
status file for recon-all
Fri Jul  7 14:16:12 EDT 2017
#@# Jacobian white lh Fri Jul  7 14:16:12 EDT 2017
recon-all -s sub-03 finished without error at Fri Jul  7 14:16:15 EDT 2017
\n\n
New invocation of recon-all 
\n\n
status file for recon-all
Fri Jul  7 14:16:15 EDT 2017
#@# Jacobian white rh Fri Jul  7 14:16:15 EDT 2017
recon-all -s sub-03 finished without error at Fri Jul  7 14:16:18 EDT 2017
\n\n
New invocation of recon-all 
\n\n
status file for recon-all
Fri Jul  7 14:16:18 EDT 2017
#@# AvgCurv lh Fri Jul  7 14:16:18 EDT 2017
recon-all -s sub-03 finished without error at Fri Jul  7 14:16:21 EDT 2017
\n\n
New invocation of recon-all 
\n\n
status file for recon-all
Fri Jul  7 14:16:22 EDT 2017
#@# AvgCurv rh Fri Jul  7 14:16:22 EDT 2017
recon-all -s sub-03 finished without error at Fri Jul  7 14:16:24 EDT 2017
\n\n
New invocation of recon-all 
\n\n
status file for recon-all
Fri Jul  7 14:16:25 EDT 2017
#@# Cortical ribbon mask Fri Jul  7 14:16:25 EDT 2017
recon-all -s sub-03 finished without error at Fri Jul  7 14:36:08 EDT 2017
\n\n
New invocation of recon-all 
\n\n
status file for recon-all
Fri Jul  7 14:36:09 EDT 2017
#@# Parcellation Stats lh Fri Jul  7 14:36:09 EDT 2017
recon-all -s sub-03 finished without error at Fri Jul  7 14:37:43 EDT 2017
\n\n
New invocation of recon-all 
\n\n
status file for recon-all
Fri Jul  7 14:37:43 EDT 2017
#@# Parcellation Stats rh Fri Jul  7 14:37:43 EDT 2017
recon-all -s sub-03 finished without error at Fri Jul  7 14:39:18 EDT 2017
\n\n
New invocation of recon-all 
\n\n
status file for recon-all
Fri Jul  7 14:39:18 EDT 2017
#@# Cortical Parc 2 lh Fri Jul  7 14:39:18 EDT 2017
recon-all -s sub-03 finished without error at Fri Jul  7 14:39:44 EDT 2017
\n\n
New invocation of recon-all 
\n\n
status file for recon-all
Fri Jul  7 14:39:45 EDT 2017
#@# Cortical Parc 2 rh Fri Jul  7 14:39:45 EDT 2017
recon-all -s sub-03 finished without error at Fri Jul  7 14:40:11 EDT 2017
\n\n
New invocation of recon-all 
\n\n
status file for recon-all
Fri Jul  7 14:40:11 EDT 2017
#@# Parcellation Stats 2 lh Fri Jul  7 14:40:11 EDT 2017
recon-all -s sub-03 finished without error at Fri Jul  7 14:40:56 EDT 2017
\n\n
New invocation of recon-all 
\n\n
status file for recon-all
Fri Jul  7 14:40:56 EDT 2017
#@# Parcellation Stats 2 rh Fri Jul  7 14:40:56 EDT 2017
recon-all -s sub-03 finished without error at Fri Jul  7 14:41:41 EDT 2017
\n\n
New invocation of recon-all 
\n\n
status file for recon-all
Fri Jul  7 14:41:41 EDT 2017
#@# Cortical Parc 3 lh Fri Jul  7 14:41:41 EDT 2017
recon-all -s sub-03 finished without error at Fri Jul  7 14:42:00 EDT 2017
\n\n
New invocation of recon-all 
\n\n
status file for recon-all
Fri Jul  7 14:42:00 EDT 2017
#@# Cortical Parc 3 rh Fri Jul  7 14:42:00 EDT 2017
recon-all -s sub-03 finished without error at Fri Jul  7 14:42:21 EDT 2017
\n\n
New invocation of recon-all 
\n\n
status file for recon-all
Fri Jul  7 14:42:21 EDT 2017
#@# Parcellation Stats 3 lh Fri Jul  7 14:42:21 EDT 2017
recon-all -s sub-03 finished without error at Fri Jul  7 14:43:05 EDT 2017
\n\n
New invocation of recon-all 
\n\n
status file for recon-all
Fri Jul  7 14:43:06 EDT 2017
#@# Parcellation Stats 3 rh Fri Jul  7 14:43:06 EDT 2017
recon-all -s sub-03 finished without error at Fri Jul  7 14:43:49 EDT 2017
\n\n
New invocation of recon-all 
\n\n
status file for recon-all
Fri Jul  7 14:43:50 EDT 2017
#@# WM/GM Contrast lh Fri Jul  7 14:43:50 EDT 2017
recon-all -s sub-03 finished without error at Fri Jul  7 14:43:58 EDT 2017
\n\n
New invocation of recon-all 
\n\n
status file for recon-all
Fri Jul  7 14:43:58 EDT 2017
#@# WM/GM Contrast rh Fri Jul  7 14:43:58 EDT 2017
recon-all -s sub-03 finished without error at Fri Jul  7 14:44:05 EDT 2017
\n\n
New invocation of recon-all 
\n\n
status file for recon-all
Fri Jul  7 14:44:06 EDT 2017
#@# Relabel Hypointensities Fri Jul  7 14:44:06 EDT 2017
recon-all -s sub-03 finished without error at Fri Jul  7 14:44:35 EDT 2017
\n\n
New invocation of recon-all 
\n\n
status file for recon-all
Fri Jul  7 14:44:36 EDT 2017
#@# AParc-to-ASeg aparc Fri Jul  7 14:44:36 EDT 2017
#@# AParc-to-ASeg a2009s Fri Jul  7 14:50:43 EDT 2017
#@# AParc-to-ASeg DKTatlas Fri Jul  7 14:56:20 EDT 2017
recon-all -s sub-03 finished without error at Fri Jul  7 15:01:48 EDT 2017
\n\n
New invocation of recon-all 
\n\n
status file for recon-all
Fri Jul  7 15:01:48 EDT 2017
#@# APas-to-ASeg Fri Jul  7 15:01:48 EDT 2017
recon-all -s sub-03 finished without error at Fri Jul  7 15:01:55 EDT 2017
\n\n
New invocation of recon-all 
\n\n
status file for recon-all
Fri Jul  7 15:01:55 EDT 2017
#@# ASeg Stats Fri Jul  7 15:01:55 EDT 2017
recon-all -s sub-03 finished without error at Fri Jul  7 15:03:22 EDT 2017
\n\n
New invocation of recon-all 
\n\n
status file for recon-all
Fri Jul  7 15:03:22 EDT 2017
#@# WMParc Fri Jul  7 15:03:22 EDT 2017
recon-all -s sub-03 finished without error at Fri Jul  7 15:11:48 EDT 2017
\n\n
New invocation of recon-all 
\n\n
status file for recon-all
Fri Jul  7 15:11:48 EDT 2017
#@# BA_exvivo Labels lh Fri Jul  7 15:11:48 EDT 2017
recon-all -s sub-03 finished without error at Fri Jul  7 15:17:51 EDT 2017
\n\n
New invocation of recon-all 
\n\n
status file for recon-all
Fri Jul  7 15:17:51 EDT 2017
#@# BA_exvivo Labels rh Fri Jul  7 15:17:51 EDT 2017
recon-all -s sub-03 finished without error at Fri Jul  7 15:23:55 EDT 2017
\n\n
New invocation of recon-all 
\n\n
status file for recon-all
Thu Jul 13 14:41:44 EDT 2017
#@# MotionCor Thu Jul 13 14:41:44 EDT 2017
#@# Talairach Thu Jul 13 14:41:55 EDT 2017
#@# Talairach Failure Detection Thu Jul 13 14:43:24 EDT 2017
#@# Nu Intensity Correction Thu Jul 13 14:43:24 EDT 2017
#@# Intensity Normalization Thu Jul 13 14:45:07 EDT 2017
#@# Skull Stripping Thu Jul 13 14:47:30 EDT 2017
recon-all -s sub-03 finished without error at Thu Jul 13 14:47:58 EDT 2017
