status file for recon-all
Thu Jul  6 19:05:36 EDT 2017
#@# MotionCor Thu Jul  6 19:05:44 EDT 2017
#@# Deface Thu Jul  6 19:05:55 EDT 2017
#@# Talairach Thu Jul  6 19:08:28 EDT 2017
#@# Talairach Failure Detection Thu Jul  6 19:10:04 EDT 2017
#@# Nu Intensity Correction Thu Jul  6 19:10:04 EDT 2017
#@# Intensity Normalization Thu Jul  6 19:11:33 EDT 2017
#@# Skull Stripping Thu Jul  6 19:13:37 EDT 2017
#@# EM Registration Thu Jul  6 19:23:48 EDT 2017
#@# CA Normalize Thu Jul  6 19:32:50 EDT 2017
#@# CA Reg Thu Jul  6 19:35:41 EDT 2017
#@# SubCort Seg Thu Jul  6 22:08:35 EDT 2017
#@# Merge ASeg Thu Jul  6 23:16:24 EDT 2017
#@# Intensity Normalization2 Thu Jul  6 23:16:24 EDT 2017
#@# Mask BFS Thu Jul  6 23:19:44 EDT 2017
#@# WM Segmentation Thu Jul  6 23:19:46 EDT 2017
#@# Fill Thu Jul  6 23:22:29 EDT 2017
#@# Tessellate lh Thu Jul  6 23:23:17 EDT 2017
#@# Tessellate rh Thu Jul  6 23:23:22 EDT 2017
#@# Smooth1 lh Thu Jul  6 23:23:28 EDT 2017
#@# Smooth1 rh Thu Jul  6 23:23:28 EDT 2017
Darwin trash-can.local 15.6.0 Darwin Kernel Version 15.6.0: Thu Jun 23 18:25:34 PDT 2016; root:xnu-3248.60.10~1/RELEASE_X86_64 x86_64 i386 MacPro6,1 Darwin

recon-all -s sub-02 exited with ERRORS at Thu Jul  6 23:23:29 EDT 2017

\n\n
New invocation of recon-all 
\n\n
status file for recon-all
Fri Jul  7 09:46:09 EDT 2017
#@# Smooth1 lh Fri Jul  7 09:46:09 EDT 2017
recon-all -s sub-02 finished without error at Fri Jul  7 09:46:16 EDT 2017
\n\n
New invocation of recon-all 
\n\n
status file for recon-all
Fri Jul  7 09:46:17 EDT 2017
#@# Smooth1 rh Fri Jul  7 09:46:17 EDT 2017
recon-all -s sub-02 finished without error at Fri Jul  7 09:46:25 EDT 2017
\n\n
New invocation of recon-all 
\n\n
status file for recon-all
Fri Jul  7 09:46:25 EDT 2017
#@# Inflation1 lh Fri Jul  7 09:46:25 EDT 2017
recon-all -s sub-02 finished without error at Fri Jul  7 09:46:42 EDT 2017
\n\n
New invocation of recon-all 
\n\n
status file for recon-all
Fri Jul  7 09:46:42 EDT 2017
#@# Inflation1 rh Fri Jul  7 09:46:42 EDT 2017
recon-all -s sub-02 finished without error at Fri Jul  7 09:47:00 EDT 2017
\n\n
New invocation of recon-all 
\n\n
status file for recon-all
Fri Jul  7 09:47:00 EDT 2017
#@# QSphere lh Fri Jul  7 09:47:00 EDT 2017
recon-all -s sub-02 finished without error at Fri Jul  7 09:49:00 EDT 2017
\n\n
New invocation of recon-all 
\n\n
status file for recon-all
Fri Jul  7 09:49:00 EDT 2017
#@# QSphere rh Fri Jul  7 09:49:01 EDT 2017
recon-all -s sub-02 finished without error at Fri Jul  7 09:51:54 EDT 2017
\n\n
New invocation of recon-all 
\n\n
status file for recon-all
Fri Jul  7 09:51:55 EDT 2017
#@# Fix Topology Copy lh Fri Jul  7 09:51:55 EDT 2017
#@# Fix Topology lh Fri Jul  7 09:51:55 EDT 2017
recon-all -s sub-02 finished without error at Fri Jul  7 10:39:47 EDT 2017
\n\n
New invocation of recon-all 
\n\n
status file for recon-all
Fri Jul  7 10:39:47 EDT 2017
#@# Fix Topology Copy rh Fri Jul  7 10:39:47 EDT 2017
#@# Fix Topology rh Fri Jul  7 10:39:47 EDT 2017
recon-all -s sub-02 finished without error at Fri Jul  7 11:13:46 EDT 2017
\n\n
New invocation of recon-all 
\n\n
status file for recon-all
Fri Jul  7 11:13:47 EDT 2017
#@# Make White Surf lh Fri Jul  7 11:13:47 EDT 2017
recon-all -s sub-02 finished without error at Fri Jul  7 11:33:26 EDT 2017
\n\n
New invocation of recon-all 
\n\n
status file for recon-all
Fri Jul  7 11:33:27 EDT 2017
#@# Make White Surf rh Fri Jul  7 11:33:27 EDT 2017
recon-all -s sub-02 finished without error at Fri Jul  7 11:54:08 EDT 2017
\n\n
New invocation of recon-all 
\n\n
status file for recon-all
Fri Jul  7 11:54:09 EDT 2017
#@# Smooth2 lh Fri Jul  7 11:54:09 EDT 2017
recon-all -s sub-02 finished without error at Fri Jul  7 11:54:18 EDT 2017
\n\n
New invocation of recon-all 
\n\n
status file for recon-all
Fri Jul  7 11:54:18 EDT 2017
#@# Inflation2 lh Fri Jul  7 11:54:18 EDT 2017
recon-all -s sub-02 finished without error at Fri Jul  7 11:54:38 EDT 2017
\n\n
New invocation of recon-all 
\n\n
status file for recon-all
Fri Jul  7 11:54:38 EDT 2017
#@# Sphere lh Fri Jul  7 11:54:38 EDT 2017
recon-all -s sub-02 finished without error at Fri Jul  7 12:08:15 EDT 2017
\n\n
New invocation of recon-all 
\n\n
status file for recon-all
Fri Jul  7 12:08:15 EDT 2017
#@# Surf Reg lh Fri Jul  7 12:08:15 EDT 2017
recon-all -s sub-02 finished without error at Fri Jul  7 12:44:08 EDT 2017
\n\n
New invocation of recon-all 
\n\n
status file for recon-all
Fri Jul  7 12:44:08 EDT 2017
#@# Cortical Parc lh Fri Jul  7 12:44:08 EDT 2017
recon-all -s sub-02 finished without error at Fri Jul  7 12:44:35 EDT 2017
\n\n
New invocation of recon-all 
\n\n
status file for recon-all
Fri Jul  7 12:44:35 EDT 2017
#@# Make Pial Surf lh Fri Jul  7 12:44:36 EDT 2017
#@# Surf Volume lh Fri Jul  7 13:11:39 EDT 2017
recon-all -s sub-02 finished without error at Fri Jul  7 13:11:43 EDT 2017
\n\n
New invocation of recon-all 
\n\n
status file for recon-all
Fri Jul  7 13:11:44 EDT 2017
#@# Surf Volume lh Fri Jul  7 13:11:44 EDT 2017
recon-all -s sub-02 finished without error at Fri Jul  7 13:11:48 EDT 2017
\n\n
New invocation of recon-all 
\n\n
status file for recon-all
Fri Jul  7 13:11:48 EDT 2017
#@# Smooth2 rh Fri Jul  7 13:11:48 EDT 2017
recon-all -s sub-02 finished without error at Fri Jul  7 13:11:58 EDT 2017
\n\n
New invocation of recon-all 
\n\n
status file for recon-all
Fri Jul  7 13:11:59 EDT 2017
#@# Inflation2 rh Fri Jul  7 13:11:59 EDT 2017
recon-all -s sub-02 finished without error at Fri Jul  7 13:12:20 EDT 2017
\n\n
New invocation of recon-all 
\n\n
status file for recon-all
Fri Jul  7 13:12:21 EDT 2017
#@# Sphere rh Fri Jul  7 13:12:21 EDT 2017
recon-all -s sub-02 finished without error at Fri Jul  7 13:22:58 EDT 2017
\n\n
New invocation of recon-all 
\n\n
status file for recon-all
Fri Jul  7 13:22:58 EDT 2017
#@# Surf Reg rh Fri Jul  7 13:22:58 EDT 2017
recon-all -s sub-02 finished without error at Fri Jul  7 14:06:10 EDT 2017
\n\n
New invocation of recon-all 
\n\n
status file for recon-all
Fri Jul  7 14:06:10 EDT 2017
#@# Cortical Parc rh Fri Jul  7 14:06:10 EDT 2017
recon-all -s sub-02 finished without error at Fri Jul  7 14:06:33 EDT 2017
\n\n
New invocation of recon-all 
\n\n
status file for recon-all
Fri Jul  7 14:06:34 EDT 2017
#@# Make Pial Surf rh Fri Jul  7 14:06:34 EDT 2017
#@# Surf Volume rh Fri Jul  7 14:27:01 EDT 2017
recon-all -s sub-02 finished without error at Fri Jul  7 14:27:05 EDT 2017
\n\n
New invocation of recon-all 
\n\n
status file for recon-all
Fri Jul  7 14:27:06 EDT 2017
#@# Surf Volume rh Fri Jul  7 14:27:06 EDT 2017
recon-all -s sub-02 finished without error at Fri Jul  7 14:27:10 EDT 2017
\n\n
New invocation of recon-all 
\n\n
status file for recon-all
Fri Jul  7 14:27:10 EDT 2017
#@# Curv .H and .K lh Fri Jul  7 14:27:10 EDT 2017
recon-all -s sub-02 finished without error at Fri Jul  7 14:28:40 EDT 2017
\n\n
New invocation of recon-all 
\n\n
status file for recon-all
Fri Jul  7 14:28:40 EDT 2017
#@# Curv .H and .K rh Fri Jul  7 14:28:40 EDT 2017
recon-all -s sub-02 finished without error at Fri Jul  7 14:30:11 EDT 2017
\n\n
New invocation of recon-all 
\n\n
status file for recon-all
Fri Jul  7 14:30:11 EDT 2017
#@# Curvature Stats lh Fri Jul  7 14:30:11 EDT 2017
recon-all -s sub-02 finished without error at Fri Jul  7 14:30:18 EDT 2017
\n\n
New invocation of recon-all 
\n\n
status file for recon-all
Fri Jul  7 14:30:19 EDT 2017
#@# Curvature Stats rh Fri Jul  7 14:30:19 EDT 2017
recon-all -s sub-02 finished without error at Fri Jul  7 14:30:27 EDT 2017
\n\n
New invocation of recon-all 
\n\n
status file for recon-all
Fri Jul  7 14:30:27 EDT 2017
#@# Jacobian white lh Fri Jul  7 14:30:27 EDT 2017
recon-all -s sub-02 finished without error at Fri Jul  7 14:30:30 EDT 2017
\n\n
New invocation of recon-all 
\n\n
status file for recon-all
Fri Jul  7 14:30:30 EDT 2017
#@# Jacobian white rh Fri Jul  7 14:30:30 EDT 2017
recon-all -s sub-02 finished without error at Fri Jul  7 14:30:33 EDT 2017
\n\n
New invocation of recon-all 
\n\n
status file for recon-all
Fri Jul  7 14:30:33 EDT 2017
#@# AvgCurv lh Fri Jul  7 14:30:33 EDT 2017
recon-all -s sub-02 finished without error at Fri Jul  7 14:30:36 EDT 2017
\n\n
New invocation of recon-all 
\n\n
status file for recon-all
Fri Jul  7 14:30:36 EDT 2017
#@# AvgCurv rh Fri Jul  7 14:30:36 EDT 2017
recon-all -s sub-02 finished without error at Fri Jul  7 14:30:38 EDT 2017
\n\n
New invocation of recon-all 
\n\n
status file for recon-all
Fri Jul  7 14:30:39 EDT 2017
#@# Cortical ribbon mask Fri Jul  7 14:30:39 EDT 2017
recon-all -s sub-02 finished without error at Fri Jul  7 14:48:27 EDT 2017
\n\n
New invocation of recon-all 
\n\n
status file for recon-all
Fri Jul  7 14:48:27 EDT 2017
#@# Parcellation Stats lh Fri Jul  7 14:48:27 EDT 2017
recon-all -s sub-02 finished without error at Fri Jul  7 14:49:49 EDT 2017
\n\n
New invocation of recon-all 
\n\n
status file for recon-all
Fri Jul  7 14:49:49 EDT 2017
#@# Parcellation Stats rh Fri Jul  7 14:49:49 EDT 2017
recon-all -s sub-02 finished without error at Fri Jul  7 14:51:08 EDT 2017
\n\n
New invocation of recon-all 
\n\n
status file for recon-all
Fri Jul  7 14:51:08 EDT 2017
#@# Cortical Parc 2 lh Fri Jul  7 14:51:08 EDT 2017
recon-all -s sub-02 finished without error at Fri Jul  7 14:51:30 EDT 2017
\n\n
New invocation of recon-all 
\n\n
status file for recon-all
Fri Jul  7 14:51:31 EDT 2017
#@# Cortical Parc 2 rh Fri Jul  7 14:51:31 EDT 2017
recon-all -s sub-02 finished without error at Fri Jul  7 14:51:52 EDT 2017
\n\n
New invocation of recon-all 
\n\n
status file for recon-all
Fri Jul  7 14:51:53 EDT 2017
#@# Parcellation Stats 2 lh Fri Jul  7 14:51:53 EDT 2017
recon-all -s sub-02 finished without error at Fri Jul  7 14:52:33 EDT 2017
\n\n
New invocation of recon-all 
\n\n
status file for recon-all
Fri Jul  7 14:52:33 EDT 2017
#@# Parcellation Stats 2 rh Fri Jul  7 14:52:33 EDT 2017
recon-all -s sub-02 finished without error at Fri Jul  7 14:53:14 EDT 2017
\n\n
New invocation of recon-all 
\n\n
status file for recon-all
Fri Jul  7 14:53:14 EDT 2017
#@# Cortical Parc 3 lh Fri Jul  7 14:53:14 EDT 2017
recon-all -s sub-02 finished without error at Fri Jul  7 14:53:32 EDT 2017
\n\n
New invocation of recon-all 
\n\n
status file for recon-all
Fri Jul  7 14:53:32 EDT 2017
#@# Cortical Parc 3 rh Fri Jul  7 14:53:32 EDT 2017
recon-all -s sub-02 finished without error at Fri Jul  7 14:53:49 EDT 2017
\n\n
New invocation of recon-all 
\n\n
status file for recon-all
Fri Jul  7 14:53:49 EDT 2017
#@# Parcellation Stats 3 lh Fri Jul  7 14:53:49 EDT 2017
recon-all -s sub-02 finished without error at Fri Jul  7 14:54:26 EDT 2017
\n\n
New invocation of recon-all 
\n\n
status file for recon-all
Fri Jul  7 14:54:26 EDT 2017
#@# Parcellation Stats 3 rh Fri Jul  7 14:54:26 EDT 2017
recon-all -s sub-02 finished without error at Fri Jul  7 14:55:04 EDT 2017
\n\n
New invocation of recon-all 
\n\n
status file for recon-all
Fri Jul  7 14:55:04 EDT 2017
#@# WM/GM Contrast lh Fri Jul  7 14:55:04 EDT 2017
recon-all -s sub-02 finished without error at Fri Jul  7 14:55:10 EDT 2017
\n\n
New invocation of recon-all 
\n\n
status file for recon-all
Fri Jul  7 14:55:11 EDT 2017
#@# WM/GM Contrast rh Fri Jul  7 14:55:11 EDT 2017
recon-all -s sub-02 finished without error at Fri Jul  7 14:55:17 EDT 2017
\n\n
New invocation of recon-all 
\n\n
status file for recon-all
Fri Jul  7 14:55:17 EDT 2017
#@# Relabel Hypointensities Fri Jul  7 14:55:17 EDT 2017
recon-all -s sub-02 finished without error at Fri Jul  7 14:55:44 EDT 2017
\n\n
New invocation of recon-all 
\n\n
status file for recon-all
Fri Jul  7 14:55:44 EDT 2017
#@# AParc-to-ASeg aparc Fri Jul  7 14:55:44 EDT 2017
#@# AParc-to-ASeg a2009s Fri Jul  7 15:01:07 EDT 2017
#@# AParc-to-ASeg DKTatlas Fri Jul  7 15:07:14 EDT 2017
recon-all -s sub-02 finished without error at Fri Jul  7 15:13:38 EDT 2017
\n\n
New invocation of recon-all 
\n\n
status file for recon-all
Fri Jul  7 15:13:38 EDT 2017
#@# APas-to-ASeg Fri Jul  7 15:13:38 EDT 2017
recon-all -s sub-02 finished without error at Fri Jul  7 15:13:45 EDT 2017
\n\n
New invocation of recon-all 
\n\n
status file for recon-all
Fri Jul  7 15:13:46 EDT 2017
#@# ASeg Stats Fri Jul  7 15:13:46 EDT 2017
recon-all -s sub-02 finished without error at Fri Jul  7 15:15:33 EDT 2017
\n\n
New invocation of recon-all 
\n\n
status file for recon-all
Fri Jul  7 15:15:33 EDT 2017
#@# WMParc Fri Jul  7 15:15:33 EDT 2017
recon-all -s sub-02 finished without error at Fri Jul  7 15:24:46 EDT 2017
\n\n
New invocation of recon-all 
\n\n
status file for recon-all
Fri Jul  7 15:24:46 EDT 2017
#@# BA_exvivo Labels lh Fri Jul  7 15:24:46 EDT 2017
recon-all -s sub-02 finished without error at Fri Jul  7 15:30:03 EDT 2017
\n\n
New invocation of recon-all 
\n\n
status file for recon-all
Fri Jul  7 15:30:03 EDT 2017
#@# BA_exvivo Labels rh Fri Jul  7 15:30:03 EDT 2017
recon-all -s sub-02 finished without error at Fri Jul  7 15:35:12 EDT 2017
